<?xml version="1.0" encoding="UTF-8"?>
<testsuite name="com.micronaut.HelloControllerTest" tests="1" skipped="0" failures="0" errors="0" timestamp="2022-08-18T10:20:39" hostname="Abhinavs-MacBook-Air.local" time="0.242">
  <properties/>
  <testcase name="testHello()" classname="com.micronaut.HelloControllerTest" time="0.242"/>
  <system-out><![CDATA[?[36m15:50:39.481?[0;39m ?[1;30m[Test worker]?[0;39m ?[34mINFO ?[0;39m ?[35mi.m.context.env.DefaultEnvironment?[0;39m - Established active environments: [test]
]]></system-out>
  <system-err><![CDATA[]]></system-err>
</testsuite>
